<annotation>
    <filename>test-10</filename>
    <source>
        <database>Unknown</database>
    </source>
    <size>
        <width>416</width>
        <height>416</height>
        <depth>3</depth>
    </size>
    <segmented>0</segmented>
    <object>
        <name>normal_body</name>
        <pose>Unspecified</pose>
        <truncated>0</truncated>
        <difficult>0</difficult>
        <bndbox>
            <xmin>164.63270092010498</xmin>
            <ymin>178.9275360107422</ymin>
            <xmax>234.87310028076172</xmax>
            <ymax>349.4584617614746</ymax>
        </bndbox>
    </object>
</annotation>