<annotation>
    <filename>test-3</filename>
    <source>
        <database>Unknown</database>
    </source>
    <size>
        <width>608</width>
        <height>608</height>
        <depth>3</depth>
    </size>
    <segmented>0</segmented>
    <object>
        <name>car</name>
        <pose>Unspecified</pose>
        <truncated>0</truncated>
        <difficult>0</difficult>
        <bndbox>
            <xmin>185.52746868133545</xmin>
            <ymin>77.1708116531372</ymin>
            <xmax>600.5573234558105</xmax>
            <ymax>527.5591239929199</ymax>
        </bndbox>
    </object>
</annotation>