<annotation>
    <filename>test-5</filename>
    <source>
        <database>Unknown</database>
    </source>
    <size>
        <width>416</width>
        <height>416</height>
        <depth>3</depth>
    </size>
    <segmented>0</segmented>
    <object>
        <name>normal_body</name>
        <pose>Unspecified</pose>
        <truncated>0</truncated>
        <difficult>0</difficult>
        <bndbox>
            <xmin>114.89414024353027</xmin>
            <ymin>62.796706199645996</ymin>
            <xmax>183.95289611816406</xmax>
            <ymax>368.8558578491211</ymax>
        </bndbox>
    </object>
</annotation>