<annotation>
    <filename>test-6</filename>
    <source>
        <database>Unknown</database>
    </source>
    <size>
        <width>416</width>
        <height>416</height>
        <depth>3</depth>
    </size>
    <segmented>0</segmented>
    <object>
        <name>normal_body</name>
        <pose>Unspecified</pose>
        <truncated>0</truncated>
        <difficult>0</difficult>
        <bndbox>
            <xmin>136.23081970214844</xmin>
            <ymin>72.08531093597412</ymin>
            <xmax>189.91911029815674</xmax>
            <ymax>352.9985694885254</ymax>
        </bndbox>
    </object>
</annotation>