<annotation>
    <filename>test-1</filename>
    <source>
        <database>Unknown</database>
    </source>
    <size>
        <width>608</width>
        <height>608</height>
        <depth>3</depth>
    </size>
    <segmented>0</segmented>
    <object>
        <name>car</name>
        <pose>Unspecified</pose>
        <truncated>0</truncated>
        <difficult>0</difficult>
        <bndbox>
            <xmin>264.7809171676636</xmin>
            <ymin>338.6357669830322</ymin>
            <xmax>470.4497528076172</xmax>
            <ymax>498.81813049316406</ymax>
        </bndbox>
    </object>
</annotation>